# JRE version: OpenJDK Runtime Environment (17.0.6) (build 17.0.6+0-b2043.56-9586694)
# Java VM: OpenJDK 64-Bit Server VM (17.0.6+0-b2043.56-9586694, mixed mode, tiered, compressed oops, compressed class ptrs, g1 gc, windows-amd64)
GC Precious Log:
 CPUs: 16 total, 16 available
 Memory: 7597M
 Large Page Support: Disabled
 NUMA Support: Disabled
 Compressed Oops: Enabled (32-bit)
 Heap Region Size: 1M
 Heap Min Capacity: 8M
 Heap Initial Capacity: 120M
 Heap Max Capacity: 2G
 Pre-touch: Disabled
 Parallel Workers: 13
 Concurrent Workers: 3
 Concurrent Refinement Workers: 13
 Periodic GC: Disabled
Heap:
 garbage-first heap   total 138240K, used 87057K [0x0000000080000000, 0x0000000100000000)
  region size 1024K, 31 young (31744K), 4 survivors (4096K)
 Metaspace       used 63324K, committed 63872K, reserved 1105920K
  class space    used 8324K, committed 8576K, reserved 1048576K
GC Heap History (20 events):
Event: 7.721 GC heap before
{Heap before GC invocations=5 (full 0):
 garbage-first heap   total 65536K, used 45255K [0x0000000080000000, 0x0000000100000000)
  region size 1024K, 27 young (27648K), 3 survivors (3072K)
 Metaspace       used 30493K, committed 30784K, reserved 1081344K
  class space    used 4118K, committed 4224K, reserved 1048576K
}
Event: 7.726 GC heap after
{Heap after GC invocations=6 (full 0):
 garbage-first heap   total 65536K, used 22215K [0x0000000080000000, 0x0000000100000000)
  region size 1024K, 2 young (2048K), 2 survivors (2048K)
 Metaspace       used 30493K, committed 30784K, reserved 1081344K
  class space    used 4118K, committed 4224K, reserved 1048576K
}
Event: 8.502 GC heap before
{Heap before GC invocations=6 (full 0):
 garbage-first heap   total 65536K, used 45767K [0x0000000080000000, 0x0000000100000000)
  region size 1024K, 26 young (26624K), 2 survivors (2048K)
 Metaspace       used 34622K, committed 35008K, reserved 1081344K
  class space    used 4755K, committed 4928K, reserved 1048576K
}
Event: 8.506 GC heap after
{Heap after GC invocations=7 (full 0):
 garbage-first heap   total 65536K, used 23347K [0x0000000080000000, 0x0000000100000000)
  region size 1024K, 3 young (3072K), 3 survivors (3072K)
 Metaspace       used 34622K, committed 35008K, reserved 1081344K
  class space    used 4755K, committed 4928K, reserved 1048576K
}
Event: 8.679 GC heap before
{Heap before GC invocations=7 (full 0):
 garbage-first heap   total 65536K, used 28467K [0x0000000080000000, 0x0000000100000000)
  region size 1024K, 9 young (9216K), 3 survivors (3072K)
 Metaspace       used 35534K, committed 35968K, reserved 1081344K
  class space    used 4876K, committed 5056K, reserved 1048576K
}
Event: 8.684 GC heap after
{Heap after GC invocations=8 (full 0):
 garbage-first heap   total 65536K, used 24614K [0x0000000080000000, 0x0000000100000000)
  region size 1024K, 3 young (3072K), 3 survivors (3072K)
 Metaspace       used 35534K, committed 35968K, reserved 1081344K
  class space    used 4876K, committed 5056K, reserved 1048576K
}
Event: 9.299 GC heap before
{Heap before GC invocations=9 (full 0):
 garbage-first heap   total 65536K, used 46118K [0x0000000080000000, 0x0000000100000000)
  region size 1024K, 25 young (25600K), 3 survivors (3072K)
 Metaspace       used 40639K, committed 41024K, reserved 1089536K
  class space    used 5360K, committed 5568K, reserved 1048576K
}
Event: 9.305 GC heap after
{Heap after GC invocations=10 (full 0):
 garbage-first heap   total 65536K, used 28120K [0x0000000080000000, 0x0000000100000000)
  region size 1024K, 4 young (4096K), 4 survivors (4096K)
 Metaspace       used 40639K, committed 41024K, reserved 1089536K
  class space    used 5360K, committed 5568K, reserved 1048576K
}
Event: 9.309 GC heap before
{Heap before GC invocations=10 (full 0):
 garbage-first heap   total 65536K, used 29144K [0x0000000080000000, 0x0000000100000000)
  region size 1024K, 5 young (5120K), 4 survivors (4096K)
 Metaspace       used 40640K, committed 41024K, reserved 1089536K
  class space    used 5360K, committed 5568K, reserved 1048576K
}
Event: 9.314 GC heap after
{Heap after GC invocations=11 (full 0):
 garbage-first heap   total 65536K, used 27977K [0x0000000080000000, 0x0000000100000000)
  region size 1024K, 1 young (1024K), 1 survivors (1024K)
 Metaspace       used 40640K, committed 41024K, reserved 1089536K
  class space    used 5360K, committed 5568K, reserved 1048576K
}
Event: 9.506 GC heap before
{Heap before GC invocations=11 (full 0):
 garbage-first heap   total 65536K, used 44361K [0x0000000080000000, 0x0000000100000000)
  region size 1024K, 18 young (18432K), 1 survivors (1024K)
 Metaspace       used 41325K, committed 41664K, reserved 1089536K
  class space    used 5443K, committed 5632K, reserved 1048576K
}
Event: 9.510 GC heap after
{Heap after GC invocations=12 (full 0):
 garbage-first heap   total 138240K, used 30744K [0x0000000080000000, 0x0000000100000000)
  region size 1024K, 3 young (3072K), 3 survivors (3072K)
 Metaspace       used 41325K, committed 41664K, reserved 1089536K
  class space    used 5443K, committed 5632K, reserved 1048576K
}
Event: 12.155 GC heap before
{Heap before GC invocations=12 (full 0):
 garbage-first heap   total 138240K, used 102424K [0x0000000080000000, 0x0000000100000000)
  region size 1024K, 71 young (72704K), 3 survivors (3072K)
 Metaspace       used 50130K, committed 50560K, reserved 1097728K
  class space    used 6609K, committed 6784K, reserved 1048576K
}
Event: 12.164 GC heap after
{Heap after GC invocations=13 (full 0):
 garbage-first heap   total 138240K, used 34771K [0x0000000080000000, 0x0000000100000000)
  region size 1024K, 8 young (8192K), 8 survivors (8192K)
 Metaspace       used 50130K, committed 50560K, reserved 1097728K
  class space    used 6609K, committed 6784K, reserved 1048576K
}
Event: 15.332 GC heap before
{Heap before GC invocations=13 (full 0):
 garbage-first heap   total 138240K, used 106451K [0x0000000080000000, 0x0000000100000000)
  region size 1024K, 70 young (71680K), 8 survivors (8192K)
 Metaspace       used 52503K, committed 52928K, reserved 1097728K
  class space    used 6887K, committed 7104K, reserved 1048576K
}
Event: 15.345 GC heap after
{Heap after GC invocations=14 (full 0):
 garbage-first heap   total 138240K, used 50915K [0x0000000080000000, 0x0000000100000000)
  region size 1024K, 8 young (8192K), 8 survivors (8192K)
 Metaspace       used 52503K, committed 52928K, reserved 1097728K
  class space    used 6887K, committed 7104K, reserved 1048576K
}
Event: 16.932 GC heap before
{Heap before GC invocations=14 (full 0):
 garbage-first heap   total 138240K, used 103139K [0x0000000080000000, 0x0000000100000000)
  region size 1024K, 59 young (60416K), 8 survivors (8192K)
 Metaspace       used 59836K, committed 60352K, reserved 1105920K
  class space    used 7879K, committed 8128K, reserved 1048576K
}
Event: 16.942 GC heap after
{Heap after GC invocations=15 (full 0):
 garbage-first heap   total 138240K, used 54416K [0x0000000080000000, 0x0000000100000000)
  region size 1024K, 4 young (4096K), 4 survivors (4096K)
 Metaspace       used 59836K, committed 60352K, reserved 1105920K
  class space    used 7879K, committed 8128K, reserved 1048576K
}
Event: 16.956 GC heap before
{Heap before GC invocations=15 (full 0):
 garbage-first heap   total 138240K, used 54416K [0x0000000080000000, 0x0000000100000000)
  region size 1024K, 5 young (5120K), 4 survivors (4096K)
 Metaspace       used 59919K, committed 60416K, reserved 1105920K
  class space    used 7892K, committed 8128K, reserved 1048576K
}
Event: 16.960 GC heap after
{Heap after GC invocations=16 (full 0):
 garbage-first heap   total 138240K, used 54289K [0x0000000080000000, 0x0000000100000000)
  region size 1024K, 4 young (4096K), 4 survivors (4096K)
 Metaspace       used 59919K, committed 60416K, reserved 1105920K
  class space    used 7892K, committed 8128K, reserved 1048576K
}

